$ next dev
▲ Next.js 16.1.6 (Turbopack)
- Local:         http://localhost:3000
- Network:       http://192.168.0.2:3000

✓ Starting...
✓ Ready in 1480ms
○ Compiling /login ...
 GET /login 200 in 6.2s (compile: 5.4s, proxy.ts: 250ms, render: 585ms)
○ Compiling /ventas ...
 GET /ventas 200 in 3.5s (compile: 3.3s, proxy.ts: 75ms, render: 90ms)
 POST /login 303 in 3.6s (compile: 8ms, proxy.ts: 18ms, render: 3.6s)
 POST /ventas 200 in 753ms (compile: 11ms, proxy.ts: 19ms, render: 723ms)
 POST /ventas 200 in 147ms (compile: 20ms, proxy.ts: 16ms, render: 110ms)
 GET /login 200 in 119ms (compile: 5ms, proxy.ts: 9ms, render: 105ms)
 GET /login 200 in 166ms (compile: 6ms, proxy.ts: 10ms, render: 150ms)
 GET /ventas 200 in 109ms (compile: 10ms, proxy.ts: 14ms, render: 85ms)
 POST /login 303 in 185ms (compile: 7ms, proxy.ts: 10ms, render: 168ms)
 POST /ventas 200 in 176ms (compile: 9ms, proxy.ts: 21ms, render: 146ms)
 POST /ventas 200 in 96ms (compile: 7ms, proxy.ts: 12ms, render: 76ms)
 GET /login 200 in 111ms (compile: 3ms, proxy.ts: 6ms, render: 102ms)
 GET /ventas 200 in 96ms (compile: 6ms, proxy.ts: 14ms, render: 75ms)
 POST /login 303 in 146ms (compile: 6ms, proxy.ts: 8ms, render: 132ms)
 POST /ventas 200 in 208ms (compile: 6ms, proxy.ts: 56ms, render: 146ms)
 POST /ventas 200 in 95ms (compile: 6ms, proxy.ts: 14ms, render: 76ms)
 GET /login 200 in 91ms (compile: 3ms, proxy.ts: 6ms, render: 82ms)
 GET /login 200 in 96ms (compile: 4ms, proxy.ts: 6ms, render: 87ms)
 GET /ventas 200 in 130ms (compile: 7ms, proxy.ts: 14ms, render: 109ms)
 POST /login 303 in 174ms (compile: 4ms, proxy.ts: 6ms, render: 164ms)
 POST /ventas 200 in 180ms (compile: 10ms, proxy.ts: 23ms, render: 146ms)
 POST /ventas 200 in 92ms (compile: 6ms, proxy.ts: 11ms, render: 75ms)
 GET /login 200 in 98ms (compile: 6ms, proxy.ts: 8ms, render: 84ms)
 GET /ventas 200 in 136ms (compile: 7ms, proxy.ts: 14ms, render: 115ms)
 POST /login 303 in 187ms (compile: 4ms, proxy.ts: 7ms, render: 177ms)
 POST /ventas 200 in 173ms (compile: 10ms, proxy.ts: 27ms, render: 136ms)
 POST /ventas 200 in 95ms (compile: 10ms, proxy.ts: 12ms, render: 73ms)
[?25h
